<?xml version="1.0" encoding="UTF-8"?>
<testsuite name="ConverterTest" tests="1" skipped="0" failures="0" errors="0" timestamp="2019-08-05T20:15:23" hostname="LAPTOP-DV0RB4CC" time="0.067">
  <properties/>
  <testcase name="start" classname="ConverterTest" time="0.067"/>
  <system-out><![CDATA[Error
Error
Error
Error
Error
Error
Error
Error
Error
Error
Error
Error
Error
Error
0.1431513.1431511148.g88a8101122df2.0.j78da22df2.j78da0.1431513.1431511148.g88a8110022df2.0.j78da22df2.j78da10115rs45155297510111111007rt451553a761111111]]></system-out>
  <system-err><![CDATA[Start test 1
Start test 2
Start test 3
Start test 4
Start test 5
Start test 6
Start test 7
Start test 8
Start test 9
Start test 10
Start test 11
Start test 12
Start test 13
Start test 14
Start test 15
Start test 16
Start test 17
Start test 18
Start test 19
Start test 20
Start test 21
Start test 22
Start test 23
Start test 24
Start test 25
Start test 26
Start test 27
Start test 28
Start test 29
Start test 30
Start test 31
Start test 32
Start test 33
Start test 34
Start test 35
Start test 36
Start test 37
Start test 38
Start test 39
Start test 40
Start test 41
Start test 42
Start test 43
Start test 44
Start test 45
Start test 46
]]></system-err>
</testsuite>
